# JRE version: Java(TM) SE Runtime Environment (17.0.12+8) (build 17.0.12+8-LTS-286)
# Java VM: Java HotSpot(TM) 64-Bit Server VM (17.0.12+8-LTS-286, mixed mode, sharing, tiered, compressed oops, compressed class ptrs, g1 gc, windows-amd64)
GC Precious Log:
 CPUs: 8 total, 8 available
 Memory: 8070M
 Large Page Support: Disabled
 NUMA Support: Disabled
 Compressed Oops: Enabled (32-bit)
 Heap Region Size: 1M
 Heap Min Capacity: 8M
 Heap Initial Capacity: 128M
 Heap Max Capacity: 1G
 Pre-touch: Disabled
 Parallel Workers: 8
 Concurrent Workers: 2
 Concurrent Refinement Workers: 8
 Periodic GC: Disabled
Heap:
 garbage-first heap   total 160768K, used 146387K [0x00000000c0000000, 0x0000000100000000)
  region size 1024K, 1 young (1024K), 1 survivors (1024K)
 Metaspace       used 113611K, committed 114560K, reserved 1179648K
  class space    used 16022K, committed 16512K, reserved 1048576K
GC Heap History (20 events):
Event: 60.977 GC heap after
{Heap after GC invocations=72 (full 0):
 garbage-first heap   total 160768K, used 116729K [0x00000000c0000000, 0x0000000100000000)
  region size 1024K, 3 young (3072K), 3 survivors (3072K)
 Metaspace       used 107636K, committed 108544K, reserved 1179648K
  class space    used 15113K, committed 15552K, reserved 1048576K
}
Event: 61.397 GC heap before
{Heap before GC invocations=72 (full 0):
 garbage-first heap   total 160768K, used 139257K [0x00000000c0000000, 0x0000000100000000)
  region size 1024K, 26 young (26624K), 3 survivors (3072K)
 Metaspace       used 109456K, committed 110464K, reserved 1179648K
  class space    used 15379K, committed 15872K, reserved 1048576K
}
Event: 61.403 GC heap after
{Heap after GC invocations=73 (full 0):
 garbage-first heap   total 160768K, used 117038K [0x00000000c0000000, 0x0000000100000000)
  region size 1024K, 3 young (3072K), 3 survivors (3072K)
 Metaspace       used 109456K, committed 110464K, reserved 1179648K
  class space    used 15379K, committed 15872K, reserved 1048576K
}
Event: 61.567 GC heap before
{Heap before GC invocations=73 (full 0):
 garbage-first heap   total 160768K, used 138542K [0x00000000c0000000, 0x0000000100000000)
  region size 1024K, 25 young (25600K), 3 survivors (3072K)
 Metaspace       used 109480K, committed 110464K, reserved 1179648K
  class space    used 15379K, committed 15872K, reserved 1048576K
}
Event: 61.572 GC heap after
{Heap after GC invocations=74 (full 0):
 garbage-first heap   total 160768K, used 118054K [0x00000000c0000000, 0x0000000100000000)
  region size 1024K, 4 young (4096K), 4 survivors (4096K)
 Metaspace       used 109480K, committed 110464K, reserved 1179648K
  class space    used 15379K, committed 15872K, reserved 1048576K
}
Event: 61.870 GC heap before
{Heap before GC invocations=74 (full 0):
 garbage-first heap   total 160768K, used 137510K [0x00000000c0000000, 0x0000000100000000)
  region size 1024K, 24 young (24576K), 4 survivors (4096K)
 Metaspace       used 110486K, committed 111488K, reserved 1179648K
  class space    used 15563K, committed 16064K, reserved 1048576K
}
Event: 61.876 GC heap after
{Heap after GC invocations=75 (full 0):
 garbage-first heap   total 160768K, used 118912K [0x00000000c0000000, 0x0000000100000000)
  region size 1024K, 3 young (3072K), 3 survivors (3072K)
 Metaspace       used 110486K, committed 111488K, reserved 1179648K
  class space    used 15563K, committed 16064K, reserved 1048576K
}
Event: 62.324 GC heap before
{Heap before GC invocations=75 (full 0):
 garbage-first heap   total 160768K, used 140416K [0x00000000c0000000, 0x0000000100000000)
  region size 1024K, 24 young (24576K), 3 survivors (3072K)
 Metaspace       used 111991K, committed 112960K, reserved 1179648K
  class space    used 15813K, committed 16320K, reserved 1048576K
}
Event: 62.330 GC heap after
{Heap after GC invocations=76 (full 0):
 garbage-first heap   total 160768K, used 120995K [0x00000000c0000000, 0x0000000100000000)
  region size 1024K, 3 young (3072K), 3 survivors (3072K)
 Metaspace       used 111991K, committed 112960K, reserved 1179648K
  class space    used 15813K, committed 16320K, reserved 1048576K
}
Event: 62.869 GC heap before
{Heap before GC invocations=76 (full 0):
 garbage-first heap   total 160768K, used 140451K [0x00000000c0000000, 0x0000000100000000)
  region size 1024K, 16 young (16384K), 3 survivors (3072K)
 Metaspace       used 113607K, committed 114560K, reserved 1179648K
  class space    used 16022K, committed 16512K, reserved 1048576K
}
Event: 62.874 GC heap after
{Heap after GC invocations=77 (full 0):
 garbage-first heap   total 160768K, used 130242K [0x00000000c0000000, 0x0000000100000000)
  region size 1024K, 1 young (1024K), 1 survivors (1024K)
 Metaspace       used 113607K, committed 114560K, reserved 1179648K
  class space    used 16022K, committed 16512K, reserved 1048576K
}
Event: 62.910 GC heap before
{Heap before GC invocations=77 (full 0):
 garbage-first heap   total 160768K, used 156866K [0x00000000c0000000, 0x0000000100000000)
  region size 1024K, 2 young (2048K), 1 survivors (1024K)
 Metaspace       used 113611K, committed 114560K, reserved 1179648K
  class space    used 16022K, committed 16512K, reserved 1048576K
}
Event: 62.912 GC heap after
{Heap after GC invocations=78 (full 0):
 garbage-first heap   total 160768K, used 142384K [0x00000000c0000000, 0x0000000100000000)
  region size 1024K, 1 young (1024K), 1 survivors (1024K)
 Metaspace       used 113611K, committed 114560K, reserved 1179648K
  class space    used 16022K, committed 16512K, reserved 1048576K
}
Event: 62.933 GC heap before
{Heap before GC invocations=78 (full 0):
 garbage-first heap   total 160768K, used 156720K [0x00000000c0000000, 0x0000000100000000)
  region size 1024K, 2 young (2048K), 1 survivors (1024K)
 Metaspace       used 113611K, committed 114560K, reserved 1179648K
  class space    used 16022K, committed 16512K, reserved 1048576K
}
Event: 62.935 GC heap after
{Heap after GC invocations=79 (full 0):
 garbage-first heap   total 160768K, used 144442K [0x00000000c0000000, 0x0000000100000000)
  region size 1024K, 1 young (1024K), 1 survivors (1024K)
 Metaspace       used 113611K, committed 114560K, reserved 1179648K
  class space    used 16022K, committed 16512K, reserved 1048576K
}
Event: 62.958 GC heap before
{Heap before GC invocations=79 (full 0):
 garbage-first heap   total 160768K, used 156730K [0x00000000c0000000, 0x0000000100000000)
  region size 1024K, 2 young (2048K), 1 survivors (1024K)
 Metaspace       used 113611K, committed 114560K, reserved 1179648K
  class space    used 16022K, committed 16512K, reserved 1048576K
}
Event: 62.960 GC heap after
{Heap after GC invocations=80 (full 0):
 garbage-first heap   total 160768K, used 142305K [0x00000000c0000000, 0x0000000100000000)
  region size 1024K, 1 young (1024K), 1 survivors (1024K)
 Metaspace       used 113611K, committed 114560K, reserved 1179648K
  class space    used 16022K, committed 16512K, reserved 1048576K
}
Event: 62.978 GC heap before
{Heap before GC invocations=80 (full 0):
 garbage-first heap   total 160768K, used 156641K [0x00000000c0000000, 0x0000000100000000)
  region size 1024K, 2 young (2048K), 1 survivors (1024K)
 Metaspace       used 113611K, committed 114560K, reserved 1179648K
  class space    used 16022K, committed 16512K, reserved 1048576K
}
Event: 62.980 GC heap after
{Heap after GC invocations=81 (full 0):
 garbage-first heap   total 160768K, used 146387K [0x00000000c0000000, 0x0000000100000000)
  region size 1024K, 1 young (1024K), 1 survivors (1024K)
 Metaspace       used 113611K, committed 114560K, reserved 1179648K
  class space    used 16022K, committed 16512K, reserved 1048576K
}
Event: 62.996 GC heap before
{Heap before GC invocations=81 (full 0):
 garbage-first heap   total 160768K, used 156627K [0x00000000c0000000, 0x0000000100000000)
  region size 1024K, 2 young (2048K), 1 survivors (1024K)
 Metaspace       used 113611K, committed 114560K, reserved 1179648K
  class space    used 16022K, committed 16512K, reserved 1048576K
}

